/u/k/a/karu/courses/cs552/spring2013/handouts/testprograms/public/rand_final/ldld_rand_large.asm SUCCESS CPI:5.9 CYCLES:6116 ICOUNT:1035 IHITRATE: 0 DHITRATE: 0
/u/k/a/karu/courses/cs552/spring2013/handouts/testprograms/public/rand_final/ldld_rand_small.asm SUCCESS CPI:5.9 CYCLES:6116 ICOUNT:1035 IHITRATE: 0 DHITRATE: 0
/u/k/a/karu/courses/cs552/spring2013/handouts/testprograms/public/rand_final/ldst_rand_large.asm SUCCESS CPI:4.6 CYCLES:6546 ICOUNT:1417 IHITRATE: 0 DHITRATE: 0
/u/k/a/karu/courses/cs552/spring2013/handouts/testprograms/public/rand_final/ldst_rand_small.asm SUCCESS CPI:4.5 CYCLES:6322 ICOUNT:1417 IHITRATE: 0 DHITRATE: 0
/u/k/a/karu/courses/cs552/spring2013/handouts/testprograms/public/rand_final/t_100_all.asm SUCCESS CPI:6.1 CYCLES:2037 ICOUNT:333 IHITRATE: 0 DHITRATE: 0
/u/k/a/karu/courses/cs552/spring2013/handouts/testprograms/public/rand_final/t_100_ctrl.asm SUCCESS CPI:6.1 CYCLES:3920 ICOUNT:647 IHITRATE: 0 DHITRATE: 0
/u/k/a/karu/courses/cs552/spring2013/handouts/testprograms/public/rand_final/t_100_icache.asm SUCCESS CPI:85.2 CYCLES:4858 ICOUNT:57 IHITRATE: 0 DHITRATE: 0
/u/k/a/karu/courses/cs552/spring2013/handouts/testprograms/public/rand_final/t_100_idcache.asm SUCCESS CPI:11.5 CYCLES:4609 ICOUNT:401 IHITRATE: 0 DHITRATE: 0
/u/k/a/karu/courses/cs552/spring2013/handouts/testprograms/public/rand_final/t_100_mem.asm SUCCESS CPI:6.3 CYCLES:9045 ICOUNT:1426 IHITRATE: 0 DHITRATE: 0
/u/k/a/karu/courses/cs552/spring2013/handouts/testprograms/public/rand_final/t_101_all.asm SUCCESS CPI:6.0 CYCLES:2688 ICOUNT:448 IHITRATE: 0 DHITRATE: 0
/u/k/a/karu/courses/cs552/spring2013/handouts/testprograms/public/rand_final/t_101_ctrl.asm SUCCESS CPI:5.9 CYCLES:4982 ICOUNT:849 IHITRATE: 0 DHITRATE: 0
/u/k/a/karu/courses/cs552/spring2013/handouts/testprograms/public/rand_final/t_101_icache.asm SUCCESS CPI:92.4 CYCLES:4900 ICOUNT:53 IHITRATE: 0 DHITRATE: 0
/u/k/a/karu/courses/cs552/spring2013/handouts/testprograms/public/rand_final/t_101_idcache.asm SUCCESS CPI:10.9 CYCLES:4487 ICOUNT:413 IHITRATE: 0 DHITRATE: 0
/u/k/a/karu/courses/cs552/spring2013/handouts/testprograms/public/rand_final/t_101_mem.asm SUCCESS CPI:6.4 CYCLES:9116 ICOUNT:1421 IHITRATE: 0 DHITRATE: 0
/u/k/a/karu/courses/cs552/spring2013/handouts/testprograms/public/rand_final/t_102_all.asm SUCCESS CPI:6.0 CYCLES:2169 ICOUNT:364 IHITRATE: 0 DHITRATE: 0
/u/k/a/karu/courses/cs552/spring2013/handouts/testprograms/public/rand_final/t_102_ctrl.asm SUCCESS CPI:5.8 CYCLES:4941 ICOUNT:855 IHITRATE: 0 DHITRATE: 0
/u/k/a/karu/courses/cs552/spring2013/handouts/testprograms/public/rand_final/t_102_icache.asm SUCCESS CPI:98.3 CYCLES:4816 ICOUNT:49 IHITRATE: 0 DHITRATE: 0
/u/k/a/karu/courses/cs552/spring2013/handouts/testprograms/public/rand_final/t_102_idcache.asm SUCCESS CPI:12.1 CYCLES:4048 ICOUNT:335 IHITRATE: 0 DHITRATE: 0
/u/k/a/karu/courses/cs552/spring2013/handouts/testprograms/public/rand_final/t_102_mem.asm SUCCESS CPI:6.1 CYCLES:9380 ICOUNT:1528 IHITRATE: 0 DHITRATE: 0
/u/k/a/karu/courses/cs552/spring2013/handouts/testprograms/public/rand_final/t_103_all.asm SUCCESS CPI:5.7 CYCLES:2570 ICOUNT:452 IHITRATE: 0 DHITRATE: 0
/u/k/a/karu/courses/cs552/spring2013/handouts/testprograms/public/rand_final/t_103_ctrl.asm SUCCESS CPI:5.9 CYCLES:4828 ICOUNT:815 IHITRATE: 0 DHITRATE: 0
/u/k/a/karu/courses/cs552/spring2013/handouts/testprograms/public/rand_final/t_103_icache.asm SUCCESS CPI:88.2 CYCLES:4942 ICOUNT:56 IHITRATE: 0 DHITRATE: 0
/u/k/a/karu/courses/cs552/spring2013/handouts/testprograms/public/rand_final/t_103_idcache.asm SUCCESS CPI:11.7 CYCLES:4363 ICOUNT:374 IHITRATE: 0 DHITRATE: 0
/u/k/a/karu/courses/cs552/spring2013/handouts/testprograms/public/rand_final/t_103_mem.asm SUCCESS CPI:6.3 CYCLES:9201 ICOUNT:1467 IHITRATE: 0 DHITRATE: 0
/u/k/a/karu/courses/cs552/spring2013/handouts/testprograms/public/rand_final/t_104_all.asm SUCCESS CPI:5.7 CYCLES:2579 ICOUNT:455 IHITRATE: 0 DHITRATE: 0
/u/k/a/karu/courses/cs552/spring2013/handouts/testprograms/public/rand_final/t_104_ctrl.asm SUCCESS CPI:5.8 CYCLES:4457 ICOUNT:765 IHITRATE: 0 DHITRATE: 0
/u/k/a/karu/courses/cs552/spring2013/handouts/testprograms/public/rand_final/t_104_icache.asm SUCCESS CPI:83.6 CYCLES:4935 ICOUNT:59 IHITRATE: 0 DHITRATE: 0
/u/k/a/karu/courses/cs552/spring2013/handouts/testprograms/public/rand_final/t_104_idcache.asm SUCCESS CPI:12.7 CYCLES:3940 ICOUNT:311 IHITRATE: 0 DHITRATE: 0
/u/k/a/karu/courses/cs552/spring2013/handouts/testprograms/public/rand_final/t_104_mem.asm SUCCESS CPI:6.1 CYCLES:9389 ICOUNT:1549 IHITRATE: 0 DHITRATE: 0
/u/k/a/karu/courses/cs552/spring2013/handouts/testprograms/public/rand_final/t_105_all.asm SUCCESS CPI:5.8 CYCLES:2635 ICOUNT:452 IHITRATE: 0 DHITRATE: 0
/u/k/a/karu/courses/cs552/spring2013/handouts/testprograms/public/rand_final/t_105_ctrl.asm SUCCESS CPI:5.9 CYCLES:4727 ICOUNT:797 IHITRATE: 0 DHITRATE: 0
/u/k/a/karu/courses/cs552/spring2013/handouts/testprograms/public/rand_final/t_105_icache.asm SUCCESS CPI:98.8 CYCLES:4844 ICOUNT:49 IHITRATE: 0 DHITRATE: 0
/u/k/a/karu/courses/cs552/spring2013/handouts/testprograms/public/rand_final/t_105_idcache.asm SUCCESS CPI:12.4 CYCLES:4157 ICOUNT:335 IHITRATE: 0 DHITRATE: 0
/u/k/a/karu/courses/cs552/spring2013/handouts/testprograms/public/rand_final/t_105_mem.asm SUCCESS CPI:6.3 CYCLES:9030 ICOUNT:1440 IHITRATE: 0 DHITRATE: 0
/u/k/a/karu/courses/cs552/spring2013/handouts/testprograms/public/rand_final/t_106_all.asm SUCCESS CPI:5.9 CYCLES:2781 ICOUNT:471 IHITRATE: 0 DHITRATE: 0
/u/k/a/karu/courses/cs552/spring2013/handouts/testprograms/public/rand_final/t_106_ctrl.asm SUCCESS CPI:5.8 CYCLES:4736 ICOUNT:811 IHITRATE: 0 DHITRATE: 0
/u/k/a/karu/courses/cs552/spring2013/handouts/testprograms/public/rand_final/t_106_icache.asm SUCCESS CPI:88.0 CYCLES:4928 ICOUNT:56 IHITRATE: 0 DHITRATE: 0
/u/k/a/karu/courses/cs552/spring2013/handouts/testprograms/public/rand_final/t_106_idcache.asm SUCCESS CPI:12.8 CYCLES:4157 ICOUNT:326 IHITRATE: 0 DHITRATE: 0
/u/k/a/karu/courses/cs552/spring2013/handouts/testprograms/public/rand_final/t_106_mem.asm SUCCESS CPI:6.4 CYCLES:9095 ICOUNT:1427 IHITRATE: 0 DHITRATE: 0
/u/k/a/karu/courses/cs552/spring2013/handouts/testprograms/public/rand_final/t_107_all.asm SUCCESS CPI:5.8 CYCLES:2478 ICOUNT:427 IHITRATE: 0 DHITRATE: 0
/u/k/a/karu/courses/cs552/spring2013/handouts/testprograms/public/rand_final/t_107_ctrl.asm SUCCESS CPI:5.8 CYCLES:4604 ICOUNT:791 IHITRATE: 0 DHITRATE: 0
/u/k/a/karu/courses/cs552/spring2013/handouts/testprograms/public/rand_final/t_107_icache.asm SUCCESS CPI:94.5 CYCLES:4914 ICOUNT:52 IHITRATE: 0 DHITRATE: 0
/u/k/a/karu/courses/cs552/spring2013/handouts/testprograms/public/rand_final/t_107_idcache.asm SUCCESS CPI:13.0 CYCLES:4242 ICOUNT:326 IHITRATE: 0 DHITRATE: 0
/u/k/a/karu/courses/cs552/spring2013/handouts/testprograms/public/rand_final/t_107_mem.asm SUCCESS CPI:6.3 CYCLES:8947 ICOUNT:1416 IHITRATE: 0 DHITRATE: 0
/u/k/a/karu/courses/cs552/spring2013/handouts/testprograms/public/rand_final/t_108_all.asm SUCCESS CPI:5.5 CYCLES:2530 ICOUNT:463 IHITRATE: 0 DHITRATE: 0
/u/k/a/karu/courses/cs552/spring2013/handouts/testprograms/public/rand_final/t_108_ctrl.asm SUCCESS CPI:5.7 CYCLES:4771 ICOUNT:836 IHITRATE: 0 DHITRATE: 0
/u/k/a/karu/courses/cs552/spring2013/handouts/testprograms/public/rand_final/t_108_icache.asm SUCCESS CPI:80.9 CYCLES:4935 ICOUNT:61 IHITRATE: 0 DHITRATE: 0
/u/k/a/karu/courses/cs552/spring2013/handouts/testprograms/public/rand_final/t_108_idcache.asm SUCCESS CPI:13.0 CYCLES:4421 ICOUNT:341 IHITRATE: 0 DHITRATE: 0
/u/k/a/karu/courses/cs552/spring2013/handouts/testprograms/public/rand_final/t_108_mem.asm SUCCESS CPI:6.2 CYCLES:9601 ICOUNT:1561 IHITRATE: 0 DHITRATE: 0
/u/k/a/karu/courses/cs552/spring2013/handouts/testprograms/public/rand_final/t_109_all.asm SUCCESS CPI:6.0 CYCLES:2025 ICOUNT:338 IHITRATE: 0 DHITRATE: 0
/u/k/a/karu/courses/cs552/spring2013/handouts/testprograms/public/rand_final/t_109_ctrl.asm SUCCESS CPI:5.8 CYCLES:4843 ICOUNT:839 IHITRATE: 0 DHITRATE: 0
/u/k/a/karu/courses/cs552/spring2013/handouts/testprograms/public/rand_final/t_109_icache.asm SUCCESS CPI:98.1 CYCLES:4907 ICOUNT:50 IHITRATE: 0 DHITRATE: 0
/u/k/a/karu/courses/cs552/spring2013/handouts/testprograms/public/rand_final/t_109_idcache.asm SUCCESS CPI:12.2 CYCLES:4233 ICOUNT:347 IHITRATE: 0 DHITRATE: 0
/u/k/a/karu/courses/cs552/spring2013/handouts/testprograms/public/rand_final/t_109_mem.asm SUCCESS CPI:6.4 CYCLES:8859 ICOUNT:1384 IHITRATE: 0 DHITRATE: 0
/u/k/a/karu/courses/cs552/spring2013/handouts/testprograms/public/rand_final/t_10_mem.asm SUCCESS CPI:6.1 CYCLES:9551 ICOUNT:1575 IHITRATE: 0 DHITRATE: 0
/u/k/a/karu/courses/cs552/spring2013/handouts/testprograms/public/rand_final/t_110_all.asm SUCCESS CPI:5.6 CYCLES:2563 ICOUNT:457 IHITRATE: 0 DHITRATE: 0
/u/k/a/karu/courses/cs552/spring2013/handouts/testprograms/public/rand_final/t_110_ctrl.asm SUCCESS CPI:5.6 CYCLES:5143 ICOUNT:914 IHITRATE: 0 DHITRATE: 0
/u/k/a/karu/courses/cs552/spring2013/handouts/testprograms/public/rand_final/t_110_icache.asm SUCCESS CPI:99.1 CYCLES:4858 ICOUNT:49 IHITRATE: 0 DHITRATE: 0
/u/k/a/karu/courses/cs552/spring2013/handouts/testprograms/public/rand_final/t_110_idcache.asm SUCCESS CPI:11.5 CYCLES:4435 ICOUNT:386 IHITRATE: 0 DHITRATE: 0
/u/k/a/karu/courses/cs552/spring2013/handouts/testprograms/public/rand_final/t_110_mem.asm SUCCESS CPI:6.1 CYCLES:9096 ICOUNT:1502 IHITRATE: 0 DHITRATE: 0
/u/k/a/karu/courses/cs552/spring2013/handouts/testprograms/public/rand_final/t_111_all.asm SUCCESS CPI:6.1 CYCLES:2429 ICOUNT:396 IHITRATE: 0 DHITRATE: 0
/u/k/a/karu/courses/cs552/spring2013/handouts/testprograms/public/rand_final/t_111_ctrl.asm SUCCESS CPI:5.8 CYCLES:5252 ICOUNT:912 IHITRATE: 0 DHITRATE: 0
/u/k/a/karu/courses/cs552/spring2013/handouts/testprograms/public/rand_final/t_111_icache.asm SUCCESS CPI:86.2 CYCLES:4914 ICOUNT:57 IHITRATE: 0 DHITRATE: 0
/u/k/a/karu/courses/cs552/spring2013/handouts/testprograms/public/rand_final/t_111_idcache.asm SUCCESS CPI:12.0 CYCLES:4695 ICOUNT:392 IHITRATE: 0 DHITRATE: 0
/u/k/a/karu/courses/cs552/spring2013/handouts/testprograms/public/rand_final/t_111_mem.asm SUCCESS CPI:6.3 CYCLES:8887 ICOUNT:1404 IHITRATE: 0 DHITRATE: 0
/u/k/a/karu/courses/cs552/spring2013/handouts/testprograms/public/rand_final/t_112_all.asm SUCCESS CPI:5.9 CYCLES:2224 ICOUNT:374 IHITRATE: 0 DHITRATE: 0
/u/k/a/karu/courses/cs552/spring2013/handouts/testprograms/public/rand_final/t_112_ctrl.asm SUCCESS CPI:5.8 CYCLES:4372 ICOUNT:750 IHITRATE: 0 DHITRATE: 0
/u/k/a/karu/courses/cs552/spring2013/handouts/testprograms/public/rand_final/t_112_icache.asm SUCCESS CPI:82.9 CYCLES:4893 ICOUNT:59 IHITRATE: 0 DHITRATE: 0
/u/k/a/karu/courses/cs552/spring2013/handouts/testprograms/public/rand_final/t_112_idcache.asm SUCCESS CPI:11.4 CYCLES:4638 ICOUNT:407 IHITRATE: 0 DHITRATE: 0
/u/k/a/karu/courses/cs552/spring2013/handouts/testprograms/public/rand_final/t_112_mem.asm SUCCESS CPI:6.3 CYCLES:8211 ICOUNT:1310 IHITRATE: 0 DHITRATE: 0
/u/k/a/karu/courses/cs552/spring2013/handouts/testprograms/public/rand_final/t_113_all.asm SUCCESS CPI:5.9 CYCLES:2025 ICOUNT:346 IHITRATE: 0 DHITRATE: 0
/u/k/a/karu/courses/cs552/spring2013/handouts/testprograms/public/rand_final/t_113_ctrl.asm SUCCESS CPI:6.0 CYCLES:4603 ICOUNT:762 IHITRATE: 0 DHITRATE: 0
/u/k/a/karu/courses/cs552/spring2013/handouts/testprograms/public/rand_final/t_113_icache.asm SUCCESS CPI:99.8 CYCLES:4991 ICOUNT:50 IHITRATE: 0 DHITRATE: 0
/u/k/a/karu/courses/cs552/spring2013/handouts/testprograms/public/rand_final/t_113_idcache.asm SUCCESS CPI:10.9 CYCLES:4405 ICOUNT:404 IHITRATE: 0 DHITRATE: 0
/u/k/a/karu/courses/cs552/spring2013/handouts/testprograms/public/rand_final/t_113_mem.asm SUCCESS CPI:6.2 CYCLES:9234 ICOUNT:1495 IHITRATE: 0 DHITRATE: 0
/u/k/a/karu/courses/cs552/spring2013/handouts/testprograms/public/rand_final/t_114_all.asm SUCCESS CPI:5.2 CYCLES:3176 ICOUNT:605 IHITRATE: 0 DHITRATE: 0
/u/k/a/karu/courses/cs552/spring2013/handouts/testprograms/public/rand_final/t_114_ctrl.asm SUCCESS CPI:5.6 CYCLES:4954 ICOUNT:886 IHITRATE: 0 DHITRATE: 0
/u/k/a/karu/courses/cs552/spring2013/handouts/testprograms/public/rand_final/t_114_icache.asm SUCCESS CPI:78.4 CYCLES:4781 ICOUNT:61 IHITRATE: 0 DHITRATE: 0
/u/k/a/karu/courses/cs552/spring2013/handouts/testprograms/public/rand_final/t_114_idcache.asm SUCCESS CPI:12.2 CYCLES:4335 ICOUNT:356 IHITRATE: 0 DHITRATE: 0
/u/k/a/karu/courses/cs552/spring2013/handouts/testprograms/public/rand_final/t_114_mem.asm SUCCESS CPI:6.1 CYCLES:8901 ICOUNT:1449 IHITRATE: 0 DHITRATE: 0
/u/k/a/karu/courses/cs552/spring2013/handouts/testprograms/public/rand_final/t_115_all.asm SUCCESS CPI:5.7 CYCLES:2610 ICOUNT:454 IHITRATE: 0 DHITRATE: 0
/u/k/a/karu/courses/cs552/spring2013/handouts/testprograms/public/rand_final/t_115_ctrl.asm SUCCESS CPI:5.8 CYCLES:5073 ICOUNT:881 IHITRATE: 0 DHITRATE: 0
/u/k/a/karu/courses/cs552/spring2013/handouts/testprograms/public/rand_final/t_115_icache.asm SUCCESS CPI:100.6 CYCLES:4928 ICOUNT:49 IHITRATE: 0 DHITRATE: 0
/u/k/a/karu/courses/cs552/spring2013/handouts/testprograms/public/rand_final/t_115_idcache.asm SUCCESS CPI:10.9 CYCLES:4663 ICOUNT:428 IHITRATE: 0 DHITRATE: 0
/u/k/a/karu/courses/cs552/spring2013/handouts/testprograms/public/rand_final/t_115_mem.asm SUCCESS CPI:6.2 CYCLES:8803 ICOUNT:1413 IHITRATE: 0 DHITRATE: 0
/u/k/a/karu/courses/cs552/spring2013/handouts/testprograms/public/rand_final/t_116_all.asm SUCCESS CPI:5.3 CYCLES:3121 ICOUNT:586 IHITRATE: 0 DHITRATE: 0
/u/k/a/karu/courses/cs552/spring2013/handouts/testprograms/public/rand_final/t_116_ctrl.asm SUCCESS CPI:5.3 CYCLES:5891 ICOUNT:1102 IHITRATE: 0 DHITRATE: 0
/u/k/a/karu/courses/cs552/spring2013/handouts/testprograms/public/rand_final/t_116_icache.asm SUCCESS CPI:105.1 CYCLES:4942 ICOUNT:47 IHITRATE: 0 DHITRATE: 0
/u/k/a/karu/courses/cs552/spring2013/handouts/testprograms/public/rand_final/t_116_idcache.asm SUCCESS CPI:12.2 CYCLES:4262 ICOUNT:350 IHITRATE: 0 DHITRATE: 0
/u/k/a/karu/courses/cs552/spring2013/handouts/testprograms/public/rand_final/t_116_mem.asm SUCCESS CPI:6.3 CYCLES:9380 ICOUNT:1491 IHITRATE: 0 DHITRATE: 0
/u/k/a/karu/courses/cs552/spring2013/handouts/testprograms/public/rand_final/t_117_all.asm SUCCESS CPI:6.0 CYCLES:2822 ICOUNT:474 IHITRATE: 0 DHITRATE: 0
/u/k/a/karu/courses/cs552/spring2013/handouts/testprograms/public/rand_final/t_117_ctrl.asm SUCCESS CPI:5.8 CYCLES:5164 ICOUNT:898 IHITRATE: 0 DHITRATE: 0
/u/k/a/karu/courses/cs552/spring2013/handouts/testprograms/public/rand_final/t_117_icache.asm SUCCESS CPI:84.5 CYCLES:4816 ICOUNT:57 IHITRATE: 0 DHITRATE: 0
/u/k/a/karu/courses/cs552/spring2013/handouts/testprograms/public/rand_final/t_117_idcache.asm SUCCESS CPI:11.2 CYCLES:4672 ICOUNT:416 IHITRATE: 0 DHITRATE: 0
/u/k/a/karu/courses/cs552/spring2013/handouts/testprograms/public/rand_final/t_117_mem.asm SUCCESS CPI:6.1 CYCLES:9585 ICOUNT:1571 IHITRATE: 0 DHITRATE: 0
/u/k/a/karu/courses/cs552/spring2013/handouts/testprograms/public/rand_final/t_118_all.asm SUCCESS CPI:5.8 CYCLES:3071 ICOUNT:530 IHITRATE: 0 DHITRATE: 0
/u/k/a/karu/courses/cs552/spring2013/handouts/testprograms/public/rand_final/t_118_ctrl.asm SUCCESS CPI:5.8 CYCLES:4620 ICOUNT:792 IHITRATE: 0 DHITRATE: 0
/u/k/a/karu/courses/cs552/spring2013/handouts/testprograms/public/rand_final/t_118_icache.asm SUCCESS CPI:88.1 CYCLES:4844 ICOUNT:55 IHITRATE: 0 DHITRATE: 0
/u/k/a/karu/courses/cs552/spring2013/handouts/testprograms/public/rand_final/t_118_idcache.asm SUCCESS CPI:12.2 CYCLES:3941 ICOUNT:323 IHITRATE: 0 DHITRATE: 0
/u/k/a/karu/courses/cs552/spring2013/handouts/testprograms/public/rand_final/t_118_mem.asm SUCCESS CPI:6.4 CYCLES:8624 ICOUNT:1358 IHITRATE: 0 DHITRATE: 0
/u/k/a/karu/courses/cs552/spring2013/handouts/testprograms/public/rand_final/t_119_all.asm SUCCESS CPI:5.7 CYCLES:2432 ICOUNT:426 IHITRATE: 0 DHITRATE: 0
/u/k/a/karu/courses/cs552/spring2013/handouts/testprograms/public/rand_final/t_119_ctrl.asm SUCCESS CPI:5.8 CYCLES:4435 ICOUNT:760 IHITRATE: 0 DHITRATE: 0
/u/k/a/karu/courses/cs552/spring2013/handouts/testprograms/public/rand_final/t_119_icache.asm SUCCESS CPI:79.4 CYCLES:4921 ICOUNT:62 IHITRATE: 0 DHITRATE: 0
/u/k/a/karu/courses/cs552/spring2013/handouts/testprograms/public/rand_final/t_119_idcache.asm SUCCESS CPI:11.8 CYCLES:4350 ICOUNT:368 IHITRATE: 0 DHITRATE: 0
/u/k/a/karu/courses/cs552/spring2013/handouts/testprograms/public/rand_final/t_119_mem.asm SUCCESS CPI:6.1 CYCLES:9583 ICOUNT:1566 IHITRATE: 0 DHITRATE: 0
/u/k/a/karu/courses/cs552/spring2013/handouts/testprograms/public/rand_final/t_11_mem.asm SUCCESS CPI:6.3 CYCLES:9822 ICOUNT:1571 IHITRATE: 0 DHITRATE: 0
/u/k/a/karu/courses/cs552/spring2013/handouts/testprograms/public/rand_final/t_120_all.asm SUCCESS CPI:6.0 CYCLES:2367 ICOUNT:394 IHITRATE: 0 DHITRATE: 0
/u/k/a/karu/courses/cs552/spring2013/handouts/testprograms/public/rand_final/t_120_ctrl.asm SUCCESS CPI:5.5 CYCLES:4964 ICOUNT:902 IHITRATE: 0 DHITRATE: 0
/u/k/a/karu/courses/cs552/spring2013/handouts/testprograms/public/rand_final/t_120_icache.asm SUCCESS CPI:87.6 CYCLES:4907 ICOUNT:56 IHITRATE: 0 DHITRATE: 0
/u/k/a/karu/courses/cs552/spring2013/handouts/testprograms/public/rand_final/t_120_idcache.asm SUCCESS CPI:12.1 CYCLES:4470 ICOUNT:368 IHITRATE: 0 DHITRATE: 0
/u/k/a/karu/courses/cs552/spring2013/handouts/testprograms/public/rand_final/t_120_mem.asm SUCCESS CPI:6.2 CYCLES:9159 ICOUNT:1474 IHITRATE: 0 DHITRATE: 0
/u/k/a/karu/courses/cs552/spring2013/handouts/testprograms/public/rand_final/t_121_all.asm SUCCESS CPI:6.2 CYCLES:2016 ICOUNT:326 IHITRATE: 0 DHITRATE: 0
/u/k/a/karu/courses/cs552/spring2013/handouts/testprograms/public/rand_final/t_122_all.asm SUCCESS CPI:5.9 CYCLES:1984 ICOUNT:334 IHITRATE: 0 DHITRATE: 0
/u/k/a/karu/courses/cs552/spring2013/handouts/testprograms/public/rand_final/t_123_all.asm SUCCESS CPI:5.7 CYCLES:2946 ICOUNT:514 IHITRATE: 0 DHITRATE: 0
/u/k/a/karu/courses/cs552/spring2013/handouts/testprograms/public/rand_final/t_124_all.asm SUCCESS CPI:5.6 CYCLES:2054 ICOUNT:370 IHITRATE: 0 DHITRATE: 0
/u/k/a/karu/courses/cs552/spring2013/handouts/testprograms/public/rand_final/t_125_all.asm SUCCESS CPI:6.1 CYCLES:3130 ICOUNT:513 IHITRATE: 0 DHITRATE: 0
/u/k/a/karu/courses/cs552/spring2013/handouts/testprograms/public/rand_final/t_126_all.asm SUCCESS CPI:5.5 CYCLES:3419 ICOUNT:623 IHITRATE: 0 DHITRATE: 0
/u/k/a/karu/courses/cs552/spring2013/handouts/testprograms/public/rand_final/t_127_all.asm SUCCESS CPI:5.6 CYCLES:2653 ICOUNT:473 IHITRATE: 0 DHITRATE: 0
/u/k/a/karu/courses/cs552/spring2013/handouts/testprograms/public/rand_final/t_128_all.asm SUCCESS CPI:6.0 CYCLES:2645 ICOUNT:440 IHITRATE: 0 DHITRATE: 0
/u/k/a/karu/courses/cs552/spring2013/handouts/testprograms/public/rand_final/t_129_all.asm SUCCESS CPI:5.9 CYCLES:2654 ICOUNT:450 IHITRATE: 0 DHITRATE: 0
/u/k/a/karu/courses/cs552/spring2013/handouts/testprograms/public/rand_final/t_12_mem.asm SUCCESS CPI:6.3 CYCLES:8964 ICOUNT:1426 IHITRATE: 0 DHITRATE: 0
/u/k/a/karu/courses/cs552/spring2013/handouts/testprograms/public/rand_final/t_130_all.asm SUCCESS CPI:5.2 CYCLES:3470 ICOUNT:667 IHITRATE: 0 DHITRATE: 0
/u/k/a/karu/courses/cs552/spring2013/handouts/testprograms/public/rand_final/t_131_all.asm SUCCESS CPI:5.4 CYCLES:3091 ICOUNT:569 IHITRATE: 0 DHITRATE: 0
/u/k/a/karu/courses/cs552/spring2013/handouts/testprograms/public/rand_final/t_132_all.asm SUCCESS CPI:5.4 CYCLES:2640 ICOUNT:488 IHITRATE: 0 DHITRATE: 0
/u/k/a/karu/courses/cs552/spring2013/handouts/testprograms/public/rand_final/t_133_all.asm SUCCESS CPI:5.5 CYCLES:2545 ICOUNT:461 IHITRATE: 0 DHITRATE: 0
/u/k/a/karu/courses/cs552/spring2013/handouts/testprograms/public/rand_final/t_134_all.asm SUCCESS CPI:5.5 CYCLES:2705 ICOUNT:494 IHITRATE: 0 DHITRATE: 0
/u/k/a/karu/courses/cs552/spring2013/handouts/testprograms/public/rand_final/t_135_all.asm SUCCESS CPI:5.4 CYCLES:3358 ICOUNT:625 IHITRATE: 0 DHITRATE: 0
/u/k/a/karu/courses/cs552/spring2013/handouts/testprograms/public/rand_final/t_136_all.asm SUCCESS CPI:5.8 CYCLES:2508 ICOUNT:432 IHITRATE: 0 DHITRATE: 0
/u/k/a/karu/courses/cs552/spring2013/handouts/testprograms/public/rand_final/t_137_all.asm SUCCESS CPI:5.4 CYCLES:2991 ICOUNT:554 IHITRATE: 0 DHITRATE: 0
/u/k/a/karu/courses/cs552/spring2013/handouts/testprograms/public/rand_final/t_138_all.asm SUCCESS CPI:5.4 CYCLES:3423 ICOUNT:636 IHITRATE: 0 DHITRATE: 0
/u/k/a/karu/courses/cs552/spring2013/handouts/testprograms/public/rand_final/t_139_all.asm SUCCESS CPI:6.1 CYCLES:2320 ICOUNT:378 IHITRATE: 0 DHITRATE: 0
/u/k/a/karu/courses/cs552/spring2013/handouts/testprograms/public/rand_final/t_13_mem.asm SUCCESS CPI:6.2 CYCLES:9082 ICOUNT:1454 IHITRATE: 0 DHITRATE: 0
/u/k/a/karu/courses/cs552/spring2013/handouts/testprograms/public/rand_final/t_140_all.asm SUCCESS CPI:5.6 CYCLES:2349 ICOUNT:417 IHITRATE: 0 DHITRATE: 0
/u/k/a/karu/courses/cs552/spring2013/handouts/testprograms/public/rand_final/t_141_all.asm SUCCESS CPI:5.3 CYCLES:2707 ICOUNT:510 IHITRATE: 0 DHITRATE: 0
/u/k/a/karu/courses/cs552/spring2013/handouts/testprograms/public/rand_final/t_142_all.asm SUCCESS CPI:5.6 CYCLES:2251 ICOUNT:403 IHITRATE: 0 DHITRATE: 0
/u/k/a/karu/courses/cs552/spring2013/handouts/testprograms/public/rand_final/t_143_all.asm SUCCESS CPI:5.3 CYCLES:2798 ICOUNT:525 IHITRATE: 0 DHITRATE: 0
/u/k/a/karu/courses/cs552/spring2013/handouts/testprograms/public/rand_final/t_144_all.asm SUCCESS CPI:6.2 CYCLES:2754 ICOUNT:441 IHITRATE: 0 DHITRATE: 0
/u/k/a/karu/courses/cs552/spring2013/handouts/testprograms/public/rand_final/t_145_all.asm SUCCESS CPI:5.6 CYCLES:2543 ICOUNT:456 IHITRATE: 0 DHITRATE: 0
/u/k/a/karu/courses/cs552/spring2013/handouts/testprograms/public/rand_final/t_146_all.asm SUCCESS CPI:5.5 CYCLES:3454 ICOUNT:630 IHITRATE: 0 DHITRATE: 0
/u/k/a/karu/courses/cs552/spring2013/handouts/testprograms/public/rand_final/t_147_all.asm SUCCESS CPI:5.6 CYCLES:2551 ICOUNT:457 IHITRATE: 0 DHITRATE: 0
/u/k/a/karu/courses/cs552/spring2013/handouts/testprograms/public/rand_final/t_148_all.asm SUCCESS CPI:5.8 CYCLES:2708 ICOUNT:470 IHITRATE: 0 DHITRATE: 0
/u/k/a/karu/courses/cs552/spring2013/handouts/testprograms/public/rand_final/t_149_all.asm SUCCESS CPI:5.5 CYCLES:2547 ICOUNT:464 IHITRATE: 0 DHITRATE: 0
/u/k/a/karu/courses/cs552/spring2013/handouts/testprograms/public/rand_final/t_14_mem.asm SUCCESS CPI:6.4 CYCLES:8886 ICOUNT:1384 IHITRATE: 0 DHITRATE: 0
/u/k/a/karu/courses/cs552/spring2013/handouts/testprograms/public/rand_final/t_150_all.asm SUCCESS CPI:5.6 CYCLES:2908 ICOUNT:523 IHITRATE: 0 DHITRATE: 0
/u/k/a/karu/courses/cs552/spring2013/handouts/testprograms/public/rand_final/t_15_mem.asm SUCCESS CPI:6.3 CYCLES:9143 ICOUNT:1458 IHITRATE: 0 DHITRATE: 0
/u/k/a/karu/courses/cs552/spring2013/handouts/testprograms/public/rand_final/t_16_mem.asm SUCCESS CPI:6.2 CYCLES:9070 ICOUNT:1465 IHITRATE: 0 DHITRATE: 0
/u/k/a/karu/courses/cs552/spring2013/handouts/testprograms/public/rand_final/t_17_mem.asm SUCCESS CPI:6.2 CYCLES:9324 ICOUNT:1514 IHITRATE: 0 DHITRATE: 0
/u/k/a/karu/courses/cs552/spring2013/handouts/testprograms/public/rand_final/t_18_mem.asm SUCCESS CPI:6.2 CYCLES:8834 ICOUNT:1423 IHITRATE: 0 DHITRATE: 0
/u/k/a/karu/courses/cs552/spring2013/handouts/testprograms/public/rand_final/t_19_mem.asm SUCCESS CPI:6.3 CYCLES:8757 ICOUNT:1400 IHITRATE: 0 DHITRATE: 0
