
                        DC Professional (TM)
                           DC Expert (TM)
                            DC Ultra (TM)
                       FloorPlan Manager (TM)
                          HDL Compiler (TM)
                         VHDL Compiler (TM)
                        Library Compiler (TM)
                      DesignWare Developer (TM)
                          DFT Compiler (TM)
                            BSD Compiler
                         Power Compiler (TM)

           Version B-2008.09-SP3 for amd64 -- Jan 19, 2009
              Copyright (c) 1988-2008 by Synopsys, Inc.
                         ALL RIGHTS RESERVED

This software and the associated documentation are confidential and 
proprietary to Synopsys, Inc. Your use or disclosure of this software 
is subject to the terms and conditions of a written license agreement 
between you, or your company, and Synopsys, Inc.

The above trademark notice does not imply that you are licensed to use 
all of the listed products. You are licensed to use only those products 
for which you have lawfully obtained a valid license key.

Initializing...
echo "********** CS552 Reading files begin ********************"
********** CS552 Reading files begin ********************
set my_verilog_files [list decoder3to8.v demux1to8_16.v demux1to8.v dff.v mux4to1_16.v mux8to1_16.v register16.v rf_bypass.v rf.v  ]
decoder3to8.v demux1to8_16.v demux1to8.v dff.v mux4to1_16.v mux8to1_16.v register16.v rf_bypass.v rf.v
set my_toplevel rf_bypass
rf_bypass
define_design_lib WORK -path ./WORK
1
analyze -f verilog $my_verilog_files
Running PRESTO HDLC
Searching for ./decoder3to8.v
Searching for ./demux1to8_16.v
Searching for ./demux1to8.v
Searching for ./dff.v
Searching for ./mux4to1_16.v
Searching for ./mux8to1_16.v
Searching for ./register16.v
Searching for ./rf_bypass.v
Searching for ./rf.v
Compiling source file ./decoder3to8.v
Compiling source file ./demux1to8_16.v
Compiling source file ./demux1to8.v
Compiling source file ./dff.v
Warning:  ./dff.v:15: delays for continuous assignment are ignored. (VER-173)
Compiling source file ./mux4to1_16.v
Compiling source file ./mux8to1_16.v
Compiling source file ./register16.v
Compiling source file ./rf_bypass.v
Compiling source file ./rf.v
Presto compilation completed successfully.
Loading db file '/u/k/a/karu/courses/cs552/cad/Synopsys_Libraries/libs/gscl45nm.db'
1
elaborate $my_toplevel -architecture verilog
Loading db file '/s/synopsys-2009_03_09/@sys/B-2008.09-SP3/libraries/syn/gtech.db'
Loading db file '/s/synopsys-2009_03_09/@sys/B-2008.09-SP3/libraries/syn/standard.sldb'
  Loading link library 'gscl45nm'
  Loading link library 'gtech'
Running PRESTO HDLC
Presto compilation completed successfully.
Elaborated 1 design.
Current design is now 'rf_bypass'.
Information: Building the design 'rf'. (HDL-193)
Presto compilation completed successfully.
Information: Building the design 'register16'. (HDL-193)
Presto compilation completed successfully.
Information: Building the design 'decoder3to8'. (HDL-193)
Presto compilation completed successfully.
Information: Building the design 'mux8to1_16'. (HDL-193)
Presto compilation completed successfully.
Information: Building the design 'demux1to8_16'. (HDL-193)
Presto compilation completed successfully.
Information: Building the design 'mux4to1_16'. (HDL-193)
Presto compilation completed successfully.
Information: Building the design 'demux1to8'. (HDL-193)
Presto compilation completed successfully.
Information: Building the design 'dff'. (HDL-193)

Inferred memory devices in process
	in routine dff line 17 in file
		'./dff.v'.
===============================================================================
|    Register Name    |   Type    | Width | Bus | MB | AR | AS | SR | SS | ST |
===============================================================================
|      state_reg      | Flip-flop |   1   |  N  | N  | N  | N  | N  | N  | N  |
===============================================================================
Presto compilation completed successfully.
1
echo "********** CS552 Reading files end ********************"
********** CS552 Reading files end ********************
current_design $my_toplevel
Current design is 'rf_bypass'.
{rf_bypass}
#/* The name of the clock pin. If no clock-pin     */
#/* exists, pick anything                          */
set my_clock_pin clk
clk
#/* Target frequency in MHz for optimization       */
set my_clk_freq_MHz 1000
1000
#/* Delay of input signals (Clock-to-Q, Package etc.)  */
set my_input_delay_ns 0.1
0.1
#/* Reserved time for output signals (Holdtime etc.)   */
set my_output_delay_ns 0.1
0.1
#/**************************************************/
#/* No modifications needed below                  */
#/**************************************************/
set verilogout_show_unconnected_pins "true"
true
# analyze -f verilog $my_verilog_files
# elaborate $my_toplevel -architecture verilog
# current_design $my_toplevel
report_hierarchy 
 
****************************************
Report : hierarchy
Design : rf_bypass
Version: B-2008.09-SP3
Date   : Wed Mar  2 13:06:02 2016
****************************************

Information: This design contains unmapped logic. (RPT-7)

rf_bypass
    GTECH_AND2                                 gtech
    GTECH_BUF                                  gtech
    GTECH_NOT                                  gtech
    GTECH_OR2                                  gtech
    GTECH_XOR2                                 gtech
    rf
        GTECH_BUF                              gtech
        GTECH_NOT                              gtech
        decoder3to8
            GTECH_AND2                         gtech
            GTECH_NOT                          gtech
        demux1to8_16
            demux1to8
                GTECH_AND2                     gtech
                GTECH_NOT                      gtech
        mux8to1_16
            GTECH_BUF                          gtech
            GTECH_NOT                          gtech
            mux4to1_16
                GTECH_BUF                      gtech
                GTECH_NOT                      gtech
        register16
            GTECH_BUF                          gtech
            GTECH_NOT                          gtech
            dff
                GTECH_BUF                      gtech
                GTECH_NOT                      gtech
1
link

  Linking design 'rf_bypass'
  Using the following designs and libraries:
  --------------------------------------------------------------------------
  gscl45nm (library)          /u/k/a/karu/courses/cs552/cad/Synopsys_Libraries/libs/gscl45nm.db

1
uniquify
Removing uniquified design 'register16'.
Removing uniquified design 'mux8to1_16'.
Removing uniquified design 'mux4to1_16'.
Removing uniquified design 'demux1to8'.
Removing uniquified design 'dff'.
  Uniquified 8 instances of design 'register16'.
  Uniquified 2 instances of design 'mux8to1_16'.
  Uniquified 4 instances of design 'mux4to1_16'.
  Uniquified 16 instances of design 'demux1to8'.
  Uniquified 128 instances of design 'dff'.
1
set my_period [expr 1000 / $my_clk_freq_MHz]
1
set find_clock [ find port [list $my_clock_pin] ]
{clk}
if {  $find_clock != [list] } {
   set clk_name $my_clock_pin
   create_clock -period $my_period $clk_name
} else {
   set clk_name vclk
   create_clock -period $my_period -name $clk_name
} 
1
set_driving_cell  -lib_cell INVX1  [all_inputs]
Warning: Design rule attributes from the driving cell will be
	set on the port. (UID-401)
Warning: Design rule attributes from the driving cell will be
	set on the port. (UID-401)
Warning: Design rule attributes from the driving cell will be
	set on the port. (UID-401)
Warning: Design rule attributes from the driving cell will be
	set on the port. (UID-401)
Warning: Design rule attributes from the driving cell will be
	set on the port. (UID-401)
Warning: Design rule attributes from the driving cell will be
	set on the port. (UID-401)
Warning: Design rule attributes from the driving cell will be
	set on the port. (UID-401)
Warning: Design rule attributes from the driving cell will be
	set on the port. (UID-401)
Warning: Design rule attributes from the driving cell will be
	set on the port. (UID-401)
Warning: Design rule attributes from the driving cell will be
	set on the port. (UID-401)
Warning: Design rule attributes from the driving cell will be
	set on the port. (UID-401)
Warning: Design rule attributes from the driving cell will be
	set on the port. (UID-401)
Warning: Design rule attributes from the driving cell will be
	set on the port. (UID-401)
Warning: Design rule attributes from the driving cell will be
	set on the port. (UID-401)
Warning: Design rule attributes from the driving cell will be
	set on the port. (UID-401)
Warning: Design rule attributes from the driving cell will be
	set on the port. (UID-401)
Warning: Design rule attributes from the driving cell will be
	set on the port. (UID-401)
Warning: Design rule attributes from the driving cell will be
	set on the port. (UID-401)
Warning: Design rule attributes from the driving cell will be
	set on the port. (UID-401)
Warning: Design rule attributes from the driving cell will be
	set on the port. (UID-401)
Warning: Design rule attributes from the driving cell will be
	set on the port. (UID-401)
Warning: Design rule attributes from the driving cell will be
	set on the port. (UID-401)
Warning: Design rule attributes from the driving cell will be
	set on the port. (UID-401)
Warning: Design rule attributes from the driving cell will be
	set on the port. (UID-401)
Warning: Design rule attributes from the driving cell will be
	set on the port. (UID-401)
Warning: Design rule attributes from the driving cell will be
	set on the port. (UID-401)
Warning: Design rule attributes from the driving cell will be
	set on the port. (UID-401)
Warning: Design rule attributes from the driving cell will be
	set on the port. (UID-401)
1
set_input_delay $my_input_delay_ns -clock $clk_name [remove_from_collection [all_inputs] $my_clock_pin]
1
set_output_delay $my_output_delay_ns -clock $clk_name [all_outputs]
1
compile -map_effort low  -area_effort low
Warning: The compile -map_effort low is obsolete. Setting this variable now defaults to compile -map_effort medium. Please update your script accordingly. (OPT-1303)
Warning: Setting attribute 'fix_multiple_port_nets' on design 'rf_bypass'. (UIO-59)
Information: Evaluating DesignWare library utilization. (UISN-27)

============================================================================
| DesignWare Building Block Library       |      Version       | Available |
============================================================================
| Basic DW Building Blocks                | B-2008.09-DWBB_0901
                                                               |     *     |
| Licensed DW Building Blocks             |                    |           |
============================================================================


Information: There are 1 potential problems in your design. Please run 'check_design' for more information. (LINT-99)



  Beginning Pass 1 Mapping
  ------------------------
  Processing 'demux1to8_15'
  Processing 'demux1to8_16'
  Processing 'mux4to1_16_0'
  Processing 'mux8to1_16_0'
  Processing 'decoder3to8'
  Processing 'dff_127'
  Processing 'register16_7'
  Processing 'rf'
  Processing 'rf_bypass'

  Updating timing information
Information: Updating design information... (UID-85)

  Beginning Mapping Optimizations  (Medium effort)
  -------------------------------

  Beginning Delay Optimization Phase
  ----------------------------------

   ELAPSED            WORST NEG TOTAL NEG  DESIGN                            
    TIME      AREA      SLACK     SLACK   RULE COST         ENDPOINT         
  --------- --------- --------- --------- --------- -------------------------
    0:00:01    4218.1      0.00       0.0       1.6                          


  Beginning Design Rule Fixing  (max_capacitance)
  ----------------------------

   ELAPSED            WORST NEG TOTAL NEG  DESIGN                            
    TIME      AREA      SLACK     SLACK   RULE COST         ENDPOINT         
  --------- --------- --------- --------- --------- -------------------------
    0:00:01    4218.1      0.00       0.0       1.6                          
    0:00:01    5192.3      0.00       0.0       0.8 regfile/read2_mux/mux0/n14
    0:00:02    6204.1      0.00       0.0       0.5 regfile/registers[7]/n24 
    0:00:04    6360.0      0.00       0.0       0.4                          


  Beginning Area-Recovery Phase  (cleanup)
  -----------------------------

   ELAPSED            WORST NEG TOTAL NEG  DESIGN                            
    TIME      AREA      SLACK     SLACK   RULE COST         ENDPOINT         
  --------- --------- --------- --------- --------- -------------------------
    0:00:04    6360.0      0.00       0.0       0.4                          
    0:00:04    6360.0      0.00       0.0       0.4                          
    0:00:04    5594.5      0.00       0.0       0.4                          
    0:00:05    5363.2      0.00       0.0       0.4                          
    0:00:05    5240.2      0.00       0.0       0.4                          
    0:00:05    5123.8      0.00       0.0       0.4                          
    0:00:05    5113.5      0.00       0.0       0.4                          
    0:00:05    5113.5      0.00       0.0       0.4                          
    0:00:05    5113.5      0.00       0.0       0.4                          
    0:00:05    4900.4      0.00       0.0       0.4                          
    0:00:05    4872.3      0.00       0.0       0.4                          
    0:00:05    4870.4      0.00       0.0       0.4                          
    0:00:05    4870.4      0.00       0.0       0.4                          
    0:00:05    4870.4      0.00       0.0       0.4                          
    0:00:05    4870.4      0.00       0.0       0.4                          
    0:00:05    4870.4      0.00       0.0       0.4                          
    0:00:05    4870.4      0.00       0.0       0.4                          
    0:00:05    4870.4      0.00       0.0       0.4                          
Loading db file '/u/k/a/karu/courses/cs552/cad/Synopsys_Libraries/libs/gscl45nm.db'

  Optimization Complete
  ---------------------
1
check_design -summary
Warning: In design 'rf_bypass', there is 1 net with no loads. (LINT-30)
Warning: In design 'rf_bypass', there is 1 output port connected directly to power or ground. (LINT-30)
Warning: In design 'rf', there is 1 output port connected directly to power or ground. (LINT-30)

Information: Use the 'check_design' command for 
	 more information about warnings. (LINT-98)

1
report_constraint -all_violators
Information: Updating design information... (UID-85)
 
****************************************
Report : constraint
        -all_violators
Design : rf_bypass
Version: B-2008.09-SP3
Date   : Wed Mar  2 13:06:07 2016
****************************************


   max_capacitance

                             Required        Actual
   Net                      Capacitance    Capacitance       Slack
   -----------------------------------------------------------------
   n19                          0.00           0.00           0.00  (VIOLATED: increase signficant digits)
   n40                          0.00           0.00           0.00  (VIOLATED: increase signficant digits)
   regfile/read1_mux/mux0/n3
                                0.00           0.00           0.00  (VIOLATED: increase signficant digits)
   regfile/read1_mux/mux0/n4
                                0.00           0.00           0.00  (VIOLATED: increase signficant digits)
   regfile/read1_mux/mux0/n9
                                0.00           0.00           0.00  (VIOLATED: increase signficant digits)
   regfile/read1_mux/mux0/n10
                                0.00           0.00           0.00  (VIOLATED: increase signficant digits)
   regfile/read1_mux/mux0/n11
                                0.00           0.00           0.00  (VIOLATED: increase signficant digits)
   regfile/read1_mux/mux0/n12
                                0.00           0.00           0.00  (VIOLATED: increase signficant digits)
   regfile/read1_mux/mux0/n13
                                0.00           0.00           0.00  (VIOLATED: increase signficant digits)
   regfile/read1_mux/mux0/n14
                                0.00           0.00           0.00  (VIOLATED: increase signficant digits)
   regfile/read1_mux/mux0/n15
                                0.00           0.00           0.00  (VIOLATED: increase signficant digits)
   regfile/read1_mux/mux0/n16
                                0.00           0.00           0.00  (VIOLATED: increase signficant digits)
   regfile/read1_mux/mux0/n17
                                0.00           0.00           0.00  (VIOLATED: increase signficant digits)
   regfile/read1_mux/mux0/n18
                                0.00           0.00           0.00  (VIOLATED: increase signficant digits)
   regfile/read1_mux/mux0/n19
                                0.00           0.00           0.00  (VIOLATED: increase signficant digits)
   regfile/read1_mux/mux0/n20
                                0.00           0.00           0.00  (VIOLATED: increase signficant digits)
   regfile/read1_mux/mux0/n21
                                0.00           0.00           0.00  (VIOLATED: increase signficant digits)
   regfile/read1_mux/mux0/n22
                                0.00           0.00           0.00  (VIOLATED: increase signficant digits)
   regfile/read1_mux/mux0/n23
                                0.00           0.00           0.00  (VIOLATED: increase signficant digits)
   regfile/read1_mux/mux0/n24
                                0.00           0.00           0.00  (VIOLATED: increase signficant digits)
   regfile/read1_mux/mux0/n25
                                0.00           0.00           0.00  (VIOLATED: increase signficant digits)
   regfile/read1_mux/mux0/n26
                                0.00           0.00           0.00  (VIOLATED: increase signficant digits)
   regfile/read1_mux/mux0/n27
                                0.00           0.00           0.00  (VIOLATED: increase signficant digits)
   regfile/read1_mux/mux0/n28
                                0.00           0.00           0.00  (VIOLATED: increase signficant digits)
   regfile/read1_mux/mux0/n29
                                0.00           0.00           0.00  (VIOLATED: increase signficant digits)
   regfile/read1_mux/mux0/n30
                                0.00           0.00           0.00  (VIOLATED: increase signficant digits)
   regfile/read1_mux/mux0/n31
                                0.00           0.00           0.00  (VIOLATED: increase signficant digits)
   regfile/read1_mux/mux0/n32
                                0.00           0.00           0.00  (VIOLATED: increase signficant digits)
   regfile/read1_mux/mux0/n33
                                0.00           0.00           0.00  (VIOLATED: increase signficant digits)
   regfile/read1_mux/mux0/n34
                                0.00           0.00           0.00  (VIOLATED: increase signficant digits)
   regfile/read1_mux/mux0/n35
                                0.00           0.00           0.00  (VIOLATED: increase signficant digits)
   regfile/read1_mux/mux0/n36
                                0.00           0.00           0.00  (VIOLATED: increase signficant digits)
   regfile/read1_mux/mux0/n37
                                0.00           0.00           0.00  (VIOLATED: increase signficant digits)
   regfile/read1_mux/mux0/n38
                                0.00           0.00           0.00  (VIOLATED: increase signficant digits)
   regfile/read1_mux/mux1/n108
                                0.00           0.00           0.00  (VIOLATED: increase signficant digits)
   regfile/read1_mux/mux1/n109
                                0.00           0.00           0.00  (VIOLATED: increase signficant digits)
   regfile/read1_mux/mux1/n110
                                0.00           0.00           0.00  (VIOLATED: increase signficant digits)
   regfile/read1_mux/mux1/n111
                                0.00           0.00           0.00  (VIOLATED: increase signficant digits)
   regfile/read1_mux/mux1/n112
                                0.00           0.00           0.00  (VIOLATED: increase signficant digits)
   regfile/read1_mux/mux1/n113
                                0.00           0.00           0.00  (VIOLATED: increase signficant digits)
   regfile/read1_mux/mux1/n114
                                0.00           0.00           0.00  (VIOLATED: increase signficant digits)
   regfile/read1_mux/mux1/n115
                                0.00           0.00           0.00  (VIOLATED: increase signficant digits)
   regfile/read1_mux/mux1/n116
                                0.00           0.00           0.00  (VIOLATED: increase signficant digits)
   regfile/read1_mux/mux1/n117
                                0.00           0.00           0.00  (VIOLATED: increase signficant digits)
   regfile/read1_mux/mux1/n118
                                0.00           0.00           0.00  (VIOLATED: increase signficant digits)
   regfile/read1_mux/mux1/n119
                                0.00           0.00           0.00  (VIOLATED: increase signficant digits)
   regfile/read1_mux/mux1/n120
                                0.00           0.00           0.00  (VIOLATED: increase signficant digits)
   regfile/read1_mux/mux1/n121
                                0.00           0.00           0.00  (VIOLATED: increase signficant digits)
   regfile/read1_mux/mux1/n122
                                0.00           0.00           0.00  (VIOLATED: increase signficant digits)
   regfile/read1_mux/mux1/n123
                                0.00           0.00           0.00  (VIOLATED: increase signficant digits)
   regfile/read1_mux/mux1/n124
                                0.00           0.00           0.00  (VIOLATED: increase signficant digits)
   regfile/read1_mux/mux1/n125
                                0.00           0.00           0.00  (VIOLATED: increase signficant digits)
   regfile/read1_mux/mux1/n126
                                0.00           0.00           0.00  (VIOLATED: increase signficant digits)
   regfile/read1_mux/mux1/n127
                                0.00           0.00           0.00  (VIOLATED: increase signficant digits)
   regfile/read1_mux/mux1/n128
                                0.00           0.00           0.00  (VIOLATED: increase signficant digits)
   regfile/read1_mux/mux1/n129
                                0.00           0.00           0.00  (VIOLATED: increase signficant digits)
   regfile/read1_mux/mux1/n130
                                0.00           0.00           0.00  (VIOLATED: increase signficant digits)
   regfile/read1_mux/mux1/n131
                                0.00           0.00           0.00  (VIOLATED: increase signficant digits)
   regfile/read1_mux/mux1/n132
                                0.00           0.00           0.00  (VIOLATED: increase signficant digits)
   regfile/read1_mux/mux1/n133
                                0.00           0.00           0.00  (VIOLATED: increase signficant digits)
   regfile/read1_mux/mux1/n134
                                0.00           0.00           0.00  (VIOLATED: increase signficant digits)
   regfile/read1_mux/mux1/n135
                                0.00           0.00           0.00  (VIOLATED: increase signficant digits)
   regfile/read1_mux/mux1/n136
                                0.00           0.00           0.00  (VIOLATED: increase signficant digits)
   regfile/read1_mux/mux1/n137
                                0.00           0.00           0.00  (VIOLATED: increase signficant digits)
   regfile/read1_mux/mux1/n140
                                0.00           0.00           0.00  (VIOLATED: increase signficant digits)
   regfile/read1_mux/mux1/n141
                                0.00           0.00           0.00  (VIOLATED: increase signficant digits)
   regfile/read1_mux/n19        0.00           0.00           0.00  (VIOLATED: increase signficant digits)
   regfile/read1_mux/n20        0.00           0.00           0.00  (VIOLATED: increase signficant digits)
   regfile/read1_mux/n21        0.00           0.00           0.00  (VIOLATED: increase signficant digits)
   regfile/read1_mux/n22        0.00           0.00           0.00  (VIOLATED: increase signficant digits)
   regfile/read1_mux/n23        0.00           0.00           0.00  (VIOLATED: increase signficant digits)
   regfile/read1_mux/n24        0.00           0.00           0.00  (VIOLATED: increase signficant digits)
   regfile/read1_mux/n25        0.00           0.00           0.00  (VIOLATED: increase signficant digits)
   regfile/read1_mux/n26        0.00           0.00           0.00  (VIOLATED: increase signficant digits)
   regfile/read1_mux/n27        0.00           0.00           0.00  (VIOLATED: increase signficant digits)
   regfile/read1_mux/n28        0.00           0.00           0.00  (VIOLATED: increase signficant digits)
   regfile/read1_mux/n29        0.00           0.00           0.00  (VIOLATED: increase signficant digits)
   regfile/read1_mux/n30        0.00           0.00           0.00  (VIOLATED: increase signficant digits)
   regfile/read1_mux/n31        0.00           0.00           0.00  (VIOLATED: increase signficant digits)
   regfile/read1_mux/n32        0.00           0.00           0.00  (VIOLATED: increase signficant digits)
   regfile/read1_mux/n33        0.00           0.00           0.00  (VIOLATED: increase signficant digits)
   regfile/read1_mux/n34        0.00           0.00           0.00  (VIOLATED: increase signficant digits)
   regfile/read2_mux/mux0/n108
                                0.00           0.00           0.00  (VIOLATED: increase signficant digits)
   regfile/read2_mux/mux0/n109
                                0.00           0.00           0.00  (VIOLATED: increase signficant digits)
   regfile/read2_mux/mux0/n110
                                0.00           0.00           0.00  (VIOLATED: increase signficant digits)
   regfile/read2_mux/mux0/n111
                                0.00           0.00           0.00  (VIOLATED: increase signficant digits)
   regfile/read2_mux/mux0/n112
                                0.00           0.00           0.00  (VIOLATED: increase signficant digits)
   regfile/read2_mux/mux0/n113
                                0.00           0.00           0.00  (VIOLATED: increase signficant digits)
   regfile/read2_mux/mux0/n114
                                0.00           0.00           0.00  (VIOLATED: increase signficant digits)
   regfile/read2_mux/mux0/n115
                                0.00           0.00           0.00  (VIOLATED: increase signficant digits)
   regfile/read2_mux/mux0/n116
                                0.00           0.00           0.00  (VIOLATED: increase signficant digits)
   regfile/read2_mux/mux0/n117
                                0.00           0.00           0.00  (VIOLATED: increase signficant digits)
   regfile/read2_mux/mux0/n118
                                0.00           0.00           0.00  (VIOLATED: increase signficant digits)
   regfile/read2_mux/mux0/n119
                                0.00           0.00           0.00  (VIOLATED: increase signficant digits)
   regfile/read2_mux/mux0/n120
                                0.00           0.00           0.00  (VIOLATED: increase signficant digits)
   regfile/read2_mux/mux0/n121
                                0.00           0.00           0.00  (VIOLATED: increase signficant digits)
   regfile/read2_mux/mux0/n122
                                0.00           0.00           0.00  (VIOLATED: increase signficant digits)
   regfile/read2_mux/mux0/n123
                                0.00           0.00           0.00  (VIOLATED: increase signficant digits)
   regfile/read2_mux/mux0/n124
                                0.00           0.00           0.00  (VIOLATED: increase signficant digits)
   regfile/read2_mux/mux0/n125
                                0.00           0.00           0.00  (VIOLATED: increase signficant digits)
   regfile/read2_mux/mux0/n126
                                0.00           0.00           0.00  (VIOLATED: increase signficant digits)
   regfile/read2_mux/mux0/n127
                                0.00           0.00           0.00  (VIOLATED: increase signficant digits)
   regfile/read2_mux/mux0/n128
                                0.00           0.00           0.00  (VIOLATED: increase signficant digits)
   regfile/read2_mux/mux0/n129
                                0.00           0.00           0.00  (VIOLATED: increase signficant digits)
   regfile/read2_mux/mux0/n130
                                0.00           0.00           0.00  (VIOLATED: increase signficant digits)
   regfile/read2_mux/mux0/n131
                                0.00           0.00           0.00  (VIOLATED: increase signficant digits)
   regfile/read2_mux/mux0/n132
                                0.00           0.00           0.00  (VIOLATED: increase signficant digits)
   regfile/read2_mux/mux0/n133
                                0.00           0.00           0.00  (VIOLATED: increase signficant digits)
   regfile/read2_mux/mux0/n134
                                0.00           0.00           0.00  (VIOLATED: increase signficant digits)
   regfile/read2_mux/mux0/n135
                                0.00           0.00           0.00  (VIOLATED: increase signficant digits)
   regfile/read2_mux/mux0/n136
                                0.00           0.00           0.00  (VIOLATED: increase signficant digits)
   regfile/read2_mux/mux0/n137
                                0.00           0.00           0.00  (VIOLATED: increase signficant digits)
   regfile/read2_mux/mux0/n140
                                0.00           0.00           0.00  (VIOLATED: increase signficant digits)
   regfile/read2_mux/mux0/n141
                                0.00           0.00           0.00  (VIOLATED: increase signficant digits)
   regfile/read2_mux/mux1/n108
                                0.00           0.00           0.00  (VIOLATED: increase signficant digits)
   regfile/read2_mux/mux1/n109
                                0.00           0.00           0.00  (VIOLATED: increase signficant digits)
   regfile/read2_mux/mux1/n110
                                0.00           0.00           0.00  (VIOLATED: increase signficant digits)
   regfile/read2_mux/mux1/n111
                                0.00           0.00           0.00  (VIOLATED: increase signficant digits)
   regfile/read2_mux/mux1/n112
                                0.00           0.00           0.00  (VIOLATED: increase signficant digits)
   regfile/read2_mux/mux1/n113
                                0.00           0.00           0.00  (VIOLATED: increase signficant digits)
   regfile/read2_mux/mux1/n114
                                0.00           0.00           0.00  (VIOLATED: increase signficant digits)
   regfile/read2_mux/mux1/n115
                                0.00           0.00           0.00  (VIOLATED: increase signficant digits)
   regfile/read2_mux/mux1/n116
                                0.00           0.00           0.00  (VIOLATED: increase signficant digits)
   regfile/read2_mux/mux1/n117
                                0.00           0.00           0.00  (VIOLATED: increase signficant digits)
   regfile/read2_mux/mux1/n118
                                0.00           0.00           0.00  (VIOLATED: increase signficant digits)
   regfile/read2_mux/mux1/n119
                                0.00           0.00           0.00  (VIOLATED: increase signficant digits)
   regfile/read2_mux/mux1/n120
                                0.00           0.00           0.00  (VIOLATED: increase signficant digits)
   regfile/read2_mux/mux1/n121
                                0.00           0.00           0.00  (VIOLATED: increase signficant digits)
   regfile/read2_mux/mux1/n122
                                0.00           0.00           0.00  (VIOLATED: increase signficant digits)
   regfile/read2_mux/mux1/n123
                                0.00           0.00           0.00  (VIOLATED: increase signficant digits)
   regfile/read2_mux/mux1/n124
                                0.00           0.00           0.00  (VIOLATED: increase signficant digits)
   regfile/read2_mux/mux1/n125
                                0.00           0.00           0.00  (VIOLATED: increase signficant digits)
   regfile/read2_mux/mux1/n126
                                0.00           0.00           0.00  (VIOLATED: increase signficant digits)
   regfile/read2_mux/mux1/n127
                                0.00           0.00           0.00  (VIOLATED: increase signficant digits)
   regfile/read2_mux/mux1/n128
                                0.00           0.00           0.00  (VIOLATED: increase signficant digits)
   regfile/read2_mux/mux1/n129
                                0.00           0.00           0.00  (VIOLATED: increase signficant digits)
   regfile/read2_mux/mux1/n130
                                0.00           0.00           0.00  (VIOLATED: increase signficant digits)
   regfile/read2_mux/mux1/n131
                                0.00           0.00           0.00  (VIOLATED: increase signficant digits)
   regfile/read2_mux/mux1/n132
                                0.00           0.00           0.00  (VIOLATED: increase signficant digits)
   regfile/read2_mux/mux1/n133
                                0.00           0.00           0.00  (VIOLATED: increase signficant digits)
   regfile/read2_mux/mux1/n134
                                0.00           0.00           0.00  (VIOLATED: increase signficant digits)
   regfile/read2_mux/mux1/n135
                                0.00           0.00           0.00  (VIOLATED: increase signficant digits)
   regfile/read2_mux/mux1/n136
                                0.00           0.00           0.00  (VIOLATED: increase signficant digits)
   regfile/read2_mux/mux1/n137
                                0.00           0.00           0.00  (VIOLATED: increase signficant digits)
   regfile/read2_mux/mux1/n140
                                0.00           0.00           0.00  (VIOLATED: increase signficant digits)
   regfile/read2_mux/mux1/n141
                                0.00           0.00           0.00  (VIOLATED: increase signficant digits)
   regfile/read2_mux/n36        0.00           0.00           0.00  (VIOLATED: increase signficant digits)
   regfile/read2_mux/n37        0.00           0.00           0.00  (VIOLATED: increase signficant digits)
   regfile/read2_mux/n38        0.00           0.00           0.00  (VIOLATED: increase signficant digits)
   regfile/read2_mux/n39        0.00           0.00           0.00  (VIOLATED: increase signficant digits)
   regfile/read2_mux/n40        0.00           0.00           0.00  (VIOLATED: increase signficant digits)
   regfile/read2_mux/n41        0.00           0.00           0.00  (VIOLATED: increase signficant digits)
   regfile/read2_mux/n42        0.00           0.00           0.00  (VIOLATED: increase signficant digits)
   regfile/read2_mux/n43        0.00           0.00           0.00  (VIOLATED: increase signficant digits)
   regfile/read2_mux/n44        0.00           0.00           0.00  (VIOLATED: increase signficant digits)
   regfile/read2_mux/n45        0.00           0.00           0.00  (VIOLATED: increase signficant digits)
   regfile/read2_mux/n46        0.00           0.00           0.00  (VIOLATED: increase signficant digits)
   regfile/read2_mux/n47        0.00           0.00           0.00  (VIOLATED: increase signficant digits)
   regfile/read2_mux/n48        0.00           0.00           0.00  (VIOLATED: increase signficant digits)
   regfile/read2_mux/n49        0.00           0.00           0.00  (VIOLATED: increase signficant digits)
   regfile/read2_mux/n50        0.00           0.00           0.00  (VIOLATED: increase signficant digits)
   regfile/read2_mux/n51        0.00           0.00           0.00  (VIOLATED: increase signficant digits)
   regfile/registers[0]/n19     0.00           0.00           0.00  (VIOLATED: increase signficant digits)
   regfile/registers[0]/n20     0.00           0.00           0.00  (VIOLATED: increase signficant digits)
   regfile/registers[0]/n21     0.00           0.00           0.00  (VIOLATED: increase signficant digits)
   regfile/registers[0]/n22     0.00           0.00           0.00  (VIOLATED: increase signficant digits)
   regfile/registers[0]/n23     0.00           0.00           0.00  (VIOLATED: increase signficant digits)
   regfile/registers[0]/n24     0.00           0.00           0.00  (VIOLATED: increase signficant digits)
   regfile/registers[0]/n25     0.00           0.00           0.00  (VIOLATED: increase signficant digits)
   regfile/registers[0]/n26     0.00           0.00           0.00  (VIOLATED: increase signficant digits)
   regfile/registers[0]/n27     0.00           0.00           0.00  (VIOLATED: increase signficant digits)
   regfile/registers[0]/n28     0.00           0.00           0.00  (VIOLATED: increase signficant digits)
   regfile/registers[0]/n29     0.00           0.00           0.00  (VIOLATED: increase signficant digits)
   regfile/registers[0]/n30     0.00           0.00           0.00  (VIOLATED: increase signficant digits)
   regfile/registers[0]/n31     0.00           0.00           0.00  (VIOLATED: increase signficant digits)
   regfile/registers[0]/n32     0.00           0.00           0.00  (VIOLATED: increase signficant digits)
   regfile/registers[0]/n33     0.00           0.00           0.00  (VIOLATED: increase signficant digits)
   regfile/registers[0]/n34     0.00           0.00           0.00  (VIOLATED: increase signficant digits)
   regfile/registers[1]/n52     0.00           0.00           0.00  (VIOLATED: increase signficant digits)
   regfile/registers[1]/n53     0.00           0.00           0.00  (VIOLATED: increase signficant digits)
   regfile/registers[1]/n54     0.00           0.00           0.00  (VIOLATED: increase signficant digits)
   regfile/registers[1]/n55     0.00           0.00           0.00  (VIOLATED: increase signficant digits)
   regfile/registers[1]/n56     0.00           0.00           0.00  (VIOLATED: increase signficant digits)
   regfile/registers[1]/n57     0.00           0.00           0.00  (VIOLATED: increase signficant digits)
   regfile/registers[1]/n58     0.00           0.00           0.00  (VIOLATED: increase signficant digits)
   regfile/registers[1]/n59     0.00           0.00           0.00  (VIOLATED: increase signficant digits)
   regfile/registers[1]/n60     0.00           0.00           0.00  (VIOLATED: increase signficant digits)
   regfile/registers[1]/n61     0.00           0.00           0.00  (VIOLATED: increase signficant digits)
   regfile/registers[1]/n62     0.00           0.00           0.00  (VIOLATED: increase signficant digits)
   regfile/registers[1]/n63     0.00           0.00           0.00  (VIOLATED: increase signficant digits)
   regfile/registers[1]/n64     0.00           0.00           0.00  (VIOLATED: increase signficant digits)
   regfile/registers[1]/n65     0.00           0.00           0.00  (VIOLATED: increase signficant digits)
   regfile/registers[1]/n66     0.00           0.00           0.00  (VIOLATED: increase signficant digits)
   regfile/registers[1]/n67     0.00           0.00           0.00  (VIOLATED: increase signficant digits)
   regfile/registers[2]/n52     0.00           0.00           0.00  (VIOLATED: increase signficant digits)
   regfile/registers[2]/n53     0.00           0.00           0.00  (VIOLATED: increase signficant digits)
   regfile/registers[2]/n54     0.00           0.00           0.00  (VIOLATED: increase signficant digits)
   regfile/registers[2]/n55     0.00           0.00           0.00  (VIOLATED: increase signficant digits)
   regfile/registers[2]/n56     0.00           0.00           0.00  (VIOLATED: increase signficant digits)
   regfile/registers[2]/n57     0.00           0.00           0.00  (VIOLATED: increase signficant digits)
   regfile/registers[2]/n58     0.00           0.00           0.00  (VIOLATED: increase signficant digits)
   regfile/registers[2]/n59     0.00           0.00           0.00  (VIOLATED: increase signficant digits)
   regfile/registers[2]/n60     0.00           0.00           0.00  (VIOLATED: increase signficant digits)
   regfile/registers[2]/n61     0.00           0.00           0.00  (VIOLATED: increase signficant digits)
   regfile/registers[2]/n62     0.00           0.00           0.00  (VIOLATED: increase signficant digits)
   regfile/registers[2]/n63     0.00           0.00           0.00  (VIOLATED: increase signficant digits)
   regfile/registers[2]/n64     0.00           0.00           0.00  (VIOLATED: increase signficant digits)
   regfile/registers[2]/n65     0.00           0.00           0.00  (VIOLATED: increase signficant digits)
   regfile/registers[2]/n66     0.00           0.00           0.00  (VIOLATED: increase signficant digits)
   regfile/registers[2]/n67     0.00           0.00           0.00  (VIOLATED: increase signficant digits)
   regfile/registers[3]/n52     0.00           0.00           0.00  (VIOLATED: increase signficant digits)
   regfile/registers[3]/n53     0.00           0.00           0.00  (VIOLATED: increase signficant digits)
   regfile/registers[3]/n54     0.00           0.00           0.00  (VIOLATED: increase signficant digits)
   regfile/registers[3]/n55     0.00           0.00           0.00  (VIOLATED: increase signficant digits)
   regfile/registers[3]/n56     0.00           0.00           0.00  (VIOLATED: increase signficant digits)
   regfile/registers[3]/n57     0.00           0.00           0.00  (VIOLATED: increase signficant digits)
   regfile/registers[3]/n58     0.00           0.00           0.00  (VIOLATED: increase signficant digits)
   regfile/registers[3]/n59     0.00           0.00           0.00  (VIOLATED: increase signficant digits)
   regfile/registers[3]/n60     0.00           0.00           0.00  (VIOLATED: increase signficant digits)
   regfile/registers[3]/n61     0.00           0.00           0.00  (VIOLATED: increase signficant digits)
   regfile/registers[3]/n62     0.00           0.00           0.00  (VIOLATED: increase signficant digits)
   regfile/registers[3]/n63     0.00           0.00           0.00  (VIOLATED: increase signficant digits)
   regfile/registers[3]/n64     0.00           0.00           0.00  (VIOLATED: increase signficant digits)
   regfile/registers[3]/n65     0.00           0.00           0.00  (VIOLATED: increase signficant digits)
   regfile/registers[3]/n66     0.00           0.00           0.00  (VIOLATED: increase signficant digits)
   regfile/registers[3]/n67     0.00           0.00           0.00  (VIOLATED: increase signficant digits)
   regfile/registers[4]/n52     0.00           0.00           0.00  (VIOLATED: increase signficant digits)
   regfile/registers[4]/n53     0.00           0.00           0.00  (VIOLATED: increase signficant digits)
   regfile/registers[4]/n54     0.00           0.00           0.00  (VIOLATED: increase signficant digits)
   regfile/registers[4]/n55     0.00           0.00           0.00  (VIOLATED: increase signficant digits)
   regfile/registers[4]/n56     0.00           0.00           0.00  (VIOLATED: increase signficant digits)
   regfile/registers[4]/n57     0.00           0.00           0.00  (VIOLATED: increase signficant digits)
   regfile/registers[4]/n58     0.00           0.00           0.00  (VIOLATED: increase signficant digits)
   regfile/registers[4]/n59     0.00           0.00           0.00  (VIOLATED: increase signficant digits)
   regfile/registers[4]/n60     0.00           0.00           0.00  (VIOLATED: increase signficant digits)
   regfile/registers[4]/n61     0.00           0.00           0.00  (VIOLATED: increase signficant digits)
   regfile/registers[4]/n62     0.00           0.00           0.00  (VIOLATED: increase signficant digits)
   regfile/registers[4]/n63     0.00           0.00           0.00  (VIOLATED: increase signficant digits)
   regfile/registers[4]/n64     0.00           0.00           0.00  (VIOLATED: increase signficant digits)
   regfile/registers[4]/n65     0.00           0.00           0.00  (VIOLATED: increase signficant digits)
   regfile/registers[4]/n66     0.00           0.00           0.00  (VIOLATED: increase signficant digits)
   regfile/registers[4]/n67     0.00           0.00           0.00  (VIOLATED: increase signficant digits)
   regfile/registers[5]/n52     0.00           0.00           0.00  (VIOLATED: increase signficant digits)
   regfile/registers[5]/n53     0.00           0.00           0.00  (VIOLATED: increase signficant digits)
   regfile/registers[5]/n54     0.00           0.00           0.00  (VIOLATED: increase signficant digits)
   regfile/registers[5]/n55     0.00           0.00           0.00  (VIOLATED: increase signficant digits)
   regfile/registers[5]/n56     0.00           0.00           0.00  (VIOLATED: increase signficant digits)
   regfile/registers[5]/n57     0.00           0.00           0.00  (VIOLATED: increase signficant digits)
   regfile/registers[5]/n58     0.00           0.00           0.00  (VIOLATED: increase signficant digits)
   regfile/registers[5]/n59     0.00           0.00           0.00  (VIOLATED: increase signficant digits)
   regfile/registers[5]/n60     0.00           0.00           0.00  (VIOLATED: increase signficant digits)
   regfile/registers[5]/n61     0.00           0.00           0.00  (VIOLATED: increase signficant digits)
   regfile/registers[5]/n62     0.00           0.00           0.00  (VIOLATED: increase signficant digits)
   regfile/registers[5]/n63     0.00           0.00           0.00  (VIOLATED: increase signficant digits)
   regfile/registers[5]/n64     0.00           0.00           0.00  (VIOLATED: increase signficant digits)
   regfile/registers[5]/n65     0.00           0.00           0.00  (VIOLATED: increase signficant digits)
   regfile/registers[5]/n66     0.00           0.00           0.00  (VIOLATED: increase signficant digits)
   regfile/registers[5]/n67     0.00           0.00           0.00  (VIOLATED: increase signficant digits)
   regfile/registers[6]/n52     0.00           0.00           0.00  (VIOLATED: increase signficant digits)
   regfile/registers[6]/n53     0.00           0.00           0.00  (VIOLATED: increase signficant digits)
   regfile/registers[6]/n54     0.00           0.00           0.00  (VIOLATED: increase signficant digits)
   regfile/registers[6]/n55     0.00           0.00           0.00  (VIOLATED: increase signficant digits)
   regfile/registers[6]/n56     0.00           0.00           0.00  (VIOLATED: increase signficant digits)
   regfile/registers[6]/n57     0.00           0.00           0.00  (VIOLATED: increase signficant digits)
   regfile/registers[6]/n58     0.00           0.00           0.00  (VIOLATED: increase signficant digits)
   regfile/registers[6]/n59     0.00           0.00           0.00  (VIOLATED: increase signficant digits)
   regfile/registers[6]/n60     0.00           0.00           0.00  (VIOLATED: increase signficant digits)
   regfile/registers[6]/n61     0.00           0.00           0.00  (VIOLATED: increase signficant digits)
   regfile/registers[6]/n62     0.00           0.00           0.00  (VIOLATED: increase signficant digits)
   regfile/registers[6]/n63     0.00           0.00           0.00  (VIOLATED: increase signficant digits)
   regfile/registers[6]/n64     0.00           0.00           0.00  (VIOLATED: increase signficant digits)
   regfile/registers[6]/n65     0.00           0.00           0.00  (VIOLATED: increase signficant digits)
   regfile/registers[6]/n66     0.00           0.00           0.00  (VIOLATED: increase signficant digits)
   regfile/registers[6]/n67     0.00           0.00           0.00  (VIOLATED: increase signficant digits)
   regfile/registers[7]/n52     0.00           0.00           0.00  (VIOLATED: increase signficant digits)
   regfile/registers[7]/n53     0.00           0.00           0.00  (VIOLATED: increase signficant digits)
   regfile/registers[7]/n54     0.00           0.00           0.00  (VIOLATED: increase signficant digits)
   regfile/registers[7]/n55     0.00           0.00           0.00  (VIOLATED: increase signficant digits)
   regfile/registers[7]/n56     0.00           0.00           0.00  (VIOLATED: increase signficant digits)
   regfile/registers[7]/n57     0.00           0.00           0.00  (VIOLATED: increase signficant digits)
   regfile/registers[7]/n58     0.00           0.00           0.00  (VIOLATED: increase signficant digits)
   regfile/registers[7]/n59     0.00           0.00           0.00  (VIOLATED: increase signficant digits)
   regfile/registers[7]/n60     0.00           0.00           0.00  (VIOLATED: increase signficant digits)
   regfile/registers[7]/n61     0.00           0.00           0.00  (VIOLATED: increase signficant digits)
   regfile/registers[7]/n62     0.00           0.00           0.00  (VIOLATED: increase signficant digits)
   regfile/registers[7]/n63     0.00           0.00           0.00  (VIOLATED: increase signficant digits)
   regfile/registers[7]/n64     0.00           0.00           0.00  (VIOLATED: increase signficant digits)
   regfile/registers[7]/n65     0.00           0.00           0.00  (VIOLATED: increase signficant digits)
   regfile/registers[7]/n66     0.00           0.00           0.00  (VIOLATED: increase signficant digits)
   regfile/registers[7]/n67     0.00           0.00           0.00  (VIOLATED: increase signficant digits)


1
set filename [format "%s%s"  $my_toplevel ".syn.v"]
rf_bypass.syn.v
write -hierarchy -f verilog $my_toplevel -output synth/$filename
Writing verilog file '/afs/cs.wisc.edu/u/j/e/jen/private/cs552/cs552-spring16/hw4/hw4_1/synth/rf_bypass.syn.v'.
Warning: Bus naming style currently specified as %s<%d>, verilog syntax requires bus naming style to be "[]".  (VO-13)
Warning: Verilog 'assign' or 'tran' statements are written out. (VO-4)
1
set filename [format "%s%s"  $my_toplevel ".ddc"]
rf_bypass.ddc
write -hierarchy -format ddc -output synth/$filename
Writing ddc file 'synth/rf_bypass.ddc'.
1
report_reference > synth/reference_report.txt
report_area > synth/area_report.txt
report_cell > synth/cell_report.txt
report_timing -max_paths 20 > synth/timing_report.txt
report_power > synth/power_report.txt
quit
Information: Defining new variable 'filename'. (CMD-041)
Information: Defining new variable 'my_clk_freq_MHz'. (CMD-041)
Information: Defining new variable 'my_toplevel'. (CMD-041)
Information: Defining new variable 'clk_name'. (CMD-041)
Information: Defining new variable 'find_clock'. (CMD-041)
Information: Defining new variable 'my_output_delay_ns'. (CMD-041)
Information: Defining new variable 'my_period'. (CMD-041)
Information: Defining new variable 'my_verilog_files'. (CMD-041)
Information: Defining new variable 'my_clock_pin'. (CMD-041)
Information: Defining new variable 'my_input_delay_ns'. (CMD-041)

Thank you...
